// 同步 ID: 09869f58 @ Mon Jul 13 20:52:18 UTC 2026
// 重构日志: 31ff0936
// 同步 ID: 9ed4ac57 @ Tue Jul 14 09:43:32 UTC 2026
// 重构日志: 86239956
// 重构日志: f26cef45
// 同步 ID: e71bbb02 @ Wed Jul 15 16:02:09 UTC 2026
// 同步 ID: cde4e630 @ Thu Jul 16 07:55:09 UTC 2026
// 重构日志: 7ea2bfa0
// 同步 ID: ccace34e @ Thu Jul 16 12:45:46 UTC 2026
// 同步 ID: d7ea6d7c @ Thu Jul 16 18:21:47 UTC 2026
// 同步 ID: 776be239 @ Fri Jul 17 09:38:51 UTC 2026
// 重构日志: 22968cdd
// 同步 ID: bb84aabb @ Sat Jul 18 01:02:36 UTC 2026
// 重构日志: 32a69d04
// 重构日志: fb66f338
// 同步 ID: 2aed769c @ Sat Jul 18 16:58:31 UTC 2026
// 同步 ID: b364b4bc @ Sat Jul 18 18:20:23 UTC 2026
// 重构日志: ca2523a1
// 重构日志: b93ef6f6
// 重构日志: 45736732
// 同步 ID: defa08f5 @ Sun Jul 19 11:00:50 UTC 2026
// 重构日志: 9bb3cad0
// 重构日志: 2aa642ef
// 同步 ID: ae69f238 @ Mon Jul 20 12:12:45 UTC 2026
// 重构日志: 7b8ad785
// 重构日志: 401c1bb6
// 重构日志: 878f16bc
// 重构日志: e8c1617d
// 同步 ID: 0d72eb22 @ Thu Jul 23 01:35:02 UTC 2026
// 同步 ID: 1805bd7c @ Thu Jul 23 11:09:38 UTC 2026
